
[08-05-2019 20:08:39] Ошибка: Контролер app\controllers\PageController не найдена| Файл: D:\OSPanel\domains\my.framework\vendor\ishop\core\Router.php | Строка: 66
====================
[08-05-2019 20:11:50] Ошибка: Метод app\controllers\PageController::viewAction не найдена| Файл: D:\OSPanel\domains\my.framework\vendor\ishop\core\Router.php | Строка: 63
====================
[08-05-2019 21:08:34] Ошибка: Метод app\controllers\PageController::viewAction не найдена| Файл: D:\OSPanel\domains\my.framework\vendor\ishop\core\Router.php | Строка: 62
====================
[08-05-2019 22:13:00] Ошибка: Страница не найдена| Файл: D:\OSPanel\domains\my.framework\vendor\ishop\core\Router.php | Строка: 68
====================
[08-05-2019 22:13:05] Ошибка: Страница не найдена| Файл: D:\OSPanel\domains\my.framework\vendor\ishop\core\Router.php | Строка: 68
====================
[08-05-2019 22:14:01] Ошибка: Страница не найдена| Файл: D:\OSPanel\domains\my.framework\vendor\ishop\core\Router.php | Строка: 68
====================
[08-05-2019 22:18:37] Ошибка: Страница не найдена| Файл: D:\OSPanel\domains\my.framework\vendor\ishop\core\Router.php | Строка: 68
====================
[08-05-2019 22:18:48] Ошибка: Страница не найдена| Файл: D:\OSPanel\domains\my.framework\vendor\ishop\core\Router.php | Строка: 68
====================
[08-05-2019 22:19:15] Ошибка: Страница не найдена| Файл: D:\OSPanel\domains\my.framework\vendor\ishop\core\Router.php | Строка: 68
====================
[08-05-2019 22:27:54] Ошибка: Страница не найдена| Файл: D:\OSPanel\domains\my.framework\vendor\ishop\core\Router.php | Строка: 68
====================
[08-05-2019 22:27:54] Ошибка: Страница не найдена| Файл: D:\OSPanel\domains\my.framework\vendor\ishop\core\Router.php | Строка: 68
====================
[08-05-2019 22:27:57] Ошибка: Страница не найдена| Файл: D:\OSPanel\domains\my.framework\vendor\ishop\core\Router.php | Строка: 68
====================
[08-05-2019 22:58:21] Ошибка: Страница не найдена| Файл: D:\OSPanel\domains\my.framework\vendor\ishop\core\Router.php | Строка: 68
====================
[08-05-2019 22:58:21] Ошибка: Страница не найдена| Файл: D:\OSPanel\domains\my.framework\vendor\ishop\core\Router.php | Строка: 68
====================
[08-05-2019 22:58:21] Ошибка: Страница не найдена| Файл: D:\OSPanel\domains\my.framework\vendor\ishop\core\Router.php | Строка: 68
====================
[08-05-2019 22:58:56] Ошибка: Страница не найдена| Файл: D:\OSPanel\domains\my.framework\vendor\ishop\core\Router.php | Строка: 68
====================
[08-05-2019 22:58:56] Ошибка: Страница не найдена| Файл: D:\OSPanel\domains\my.framework\vendor\ishop\core\Router.php | Строка: 68
====================
[08-05-2019 22:58:56] Ошибка: Страница не найдена| Файл: D:\OSPanel\domains\my.framework\vendor\ishop\core\Router.php | Строка: 68
====================
[08-05-2019 22:59:49] Ошибка: Страница не найдена| Файл: D:\OSPanel\domains\my.framework\vendor\ishop\core\Router.php | Строка: 68
====================
[08-05-2019 22:59:49] Ошибка: Страница не найдена| Файл: D:\OSPanel\domains\my.framework\vendor\ishop\core\Router.php | Строка: 68
====================
[08-05-2019 22:59:49] Ошибка: Страница не найдена| Файл: D:\OSPanel\domains\my.framework\vendor\ishop\core\Router.php | Строка: 68
====================
[08-05-2019 23:00:00] Ошибка: Страница не найдена| Файл: D:\OSPanel\domains\my.framework\vendor\ishop\core\Router.php | Строка: 68
====================
[08-05-2019 23:00:20] Ошибка: Страница не найдена| Файл: D:\OSPanel\domains\my.framework\vendor\ishop\core\Router.php | Строка: 68
====================
[10-05-2019 07:25:34] Ошибка: Страница не найдена| Файл: D:\OSPanel\domains\my.framework\vendor\ishop\core\Router.php | Строка: 68
====================
[10-05-2019 07:28:55] Ошибка: Нет соединения с БД| Файл: D:\OSPanel\domains\my.framework\vendor\ishop\core\Db.php | Строка: 21
====================
[10-05-2019 07:28:55] Ошибка: Нет соединения с БД| Файл: D:\OSPanel\domains\my.framework\vendor\ishop\core\Db.php | Строка: 21
====================
[10-05-2019 07:28:56] Ошибка: Страница не найдена| Файл: D:\OSPanel\domains\my.framework\vendor\ishop\core\Router.php | Строка: 68
====================
[10-05-2019 08:00:04] Ошибка: Страница не найдена| Файл: D:\OSPanel\domains\my.framework\vendor\ishop\core\Router.php | Строка: 68
====================
[10-05-2019 08:01:28] Ошибка: Страница не найдена| Файл: D:\OSPanel\domains\my.framework\vendor\ishop\core\Router.php | Строка: 68
====================
[10-05-2019 08:02:48] Ошибка: Страница не найдена| Файл: D:\OSPanel\domains\my.framework\vendor\ishop\core\Router.php | Строка: 68
====================
[10-05-2019 08:05:34] Ошибка: Страница не найдена| Файл: D:\OSPanel\domains\my.framework\vendor\ishop\core\Router.php | Строка: 68
====================
[10-05-2019 08:06:29] Ошибка: Страница не найдена| Файл: D:\OSPanel\domains\my.framework\vendor\ishop\core\Router.php | Строка: 68
====================
[10-05-2019 08:16:09] Ошибка: Страница не найдена| Файл: D:\OSPanel\domains\my.framework\vendor\ishop\core\Router.php | Строка: 68
====================
[10-05-2019 08:18:28] Ошибка: Страница не найдена| Файл: D:\OSPanel\domains\my.framework\vendor\ishop\core\Router.php | Строка: 68
====================
